{
  "RSpec": {
    "coverage": {
      "/Users/haleymesander/Desktop/turing/2module/little-shop-redux/config/environment.rb": [
        1,
        1,
        null,
        null,
        1,
        null,
        null,
        2,
        null,
        null,
        2,
        null,
        null,
        1,
        null,
        null,
        1,
        1,
        1,
        1,
        1,
        null,
        null
      ],
      "/Users/haleymesander/Desktop/turing/2module/little-shop-redux/app/controllers/little_shop_app.rb": [
        1,
        1,
        1,
        null,
        1,
        2,
        null,
        null,
        1,
        26,
        null,
        null,
        null,
        null,
        null,
        1,
        6,
        null,
        null,
        1,
        2,
        null,
        2,
        null,
        null,
        1,
        4,
        null,
        null,
        null,
        null,
        null,
        1,
        1,
        null,
        null,
        null,
        null,
        null,
        1,
        1,
        null,
        1,
        null,
        null,
        1,
        3,
        null,
        3,
        null,
        null,
        null
      ],
      "/Users/haleymesander/Desktop/turing/2module/little-shop-redux/app/models/merchant.rb": [
        1,
        1,
        null
      ],
      "/Users/haleymesander/Desktop/turing/2module/little-shop-redux/config/database.rb": [
        null,
        1,
        1,
        null,
        null,
        1,
        1,
        null,
        null,
        null,
        null,
        null,
        null,
        null
      ],
      "/Users/haleymesander/Desktop/turing/2module/little-shop-redux/spec/features/merchants/delete_spec.rb": [
        1,
        null,
        null,
        1,
        1,
        1,
        1,
        1,
        1,
        null,
        1,
        1,
        1,
        null,
        null,
        null,
        null,
        null,
        null,
        null,
        null,
        null,
        null,
        null,
        null,
        null,
        null,
        null,
        null,
        null,
        null,
        null,
        null,
        null,
        null,
        null
      ],
      "/Users/haleymesander/Desktop/turing/2module/little-shop-redux/spec/features/merchants/edit_spec.rb": [
        1,
        null,
        1,
        1,
        1,
        1,
        1,
        1,
        null,
        1,
        1,
        null,
        null,
        1,
        1,
        1,
        1,
        1,
        1,
        null,
        1,
        1,
        null,
        null,
        null,
        null,
        null,
        null,
        null,
        null,
        null,
        null,
        null
      ],
      "/Users/haleymesander/Desktop/turing/2module/little-shop-redux/spec/features/merchants/merchants_new_spec.rb": [
        1,
        null,
        1,
        1,
        1,
        1,
        1,
        null,
        1,
        null,
        null,
        null,
        1,
        1,
        1,
        1,
        1,
        null,
        1,
        1,
        null,
        null,
        null,
        null,
        null,
        null,
        null,
        null,
        null,
        null,
        null,
        null
      ],
      "/Users/haleymesander/Desktop/turing/2module/little-shop-redux/spec/features/merchants/user_creates_new_merchant_spec.rb": [
        1,
        null,
        1,
        1,
        1,
        1,
        1,
        1,
        null,
        1,
        1,
        null,
        null,
        null,
        1,
        1,
        1,
        1,
        null,
        1,
        null,
        null,
        null
      ],
      "/Users/haleymesander/Desktop/turing/2module/little-shop-redux/spec/features/merchants/user_visits_merchants_page_spec.rb": [
        1,
        null,
        1,
        1,
        1,
        1,
        null,
        1,
        null,
        null,
        null,
        1,
        1,
        1,
        1,
        null,
        1,
        null,
        null,
        null,
        1,
        1,
        1,
        1,
        null,
        1,
        null,
        null,
        null,
        1,
        1,
        1,
        1,
        null,
        1,
        null,
        null,
        null,
        1,
        1,
        1,
        1,
        null,
        1,
        null,
        null,
        null,
        1,
        1,
        1,
        1,
        null,
        1,
        1,
        null,
        null,
        null,
        1,
        1,
        1,
        1,
        1,
        null,
        1,
        null,
        null,
        null,
        1,
        1,
        1,
        1,
        1,
        null,
        1,
        null,
        null,
        null,
        1,
        1,
        1,
        1,
        1,
        null,
        1,
        null,
        null,
        null
      ],
      "/Users/haleymesander/Desktop/turing/2module/little-shop-redux/spec/features/merchants_spec.rb": [
        1,
        null,
        1,
        1,
        1,
        1,
        null,
        1,
        null,
        null,
        null,
        1,
        1,
        1,
        1,
        null,
        1,
        null,
        null,
        null,
        1,
        null,
        1,
        1,
        1,
        1,
        null,
        1,
        null,
        null,
        null,
        1,
        1,
        1,
        1,
        1,
        null,
        1,
        null,
        null,
        null
      ],
      "/Users/haleymesander/Desktop/turing/2module/little-shop-redux/spec/features/user_visits_homepage_spec.rb": [
        1,
        null,
        1,
        1,
        1,
        1,
        null,
        1,
        null,
        null,
        null
      ],
      "/Users/haleymesander/Desktop/turing/2module/little-shop-redux/spec/models/merchant_spec.rb": [
        1,
        1,
        1,
        1,
        1,
        null,
        1,
        1,
        null,
        null,
        null,
        1,
        1,
        1,
        1,
        null,
        1,
        null,
        null,
        null,
        1,
        1,
        1,
        1,
        null,
        1,
        null,
        null,
        1,
        1,
        1,
        null,
        1,
        1,
        null,
        null,
        null,
        1,
        1,
        1,
        null,
        1,
        null,
        1,
        null,
        1,
        null,
        null,
        null,
        1,
        1,
        1,
        1,
        null,
        1,
        null,
        1,
        null,
        1,
        null,
        null,
        null
      ]
    },
    "timestamp": 1521139812
  }
}
